#
# There is insufficient memory for the Java Runtime Environment to continue.
# Native memory allocation (mmap) failed to map 65536 bytes for Failed to commit metaspace.
# Possible reasons:
#   The system is out of physical RAM or swap space
#   The process is running with CompressedOops enabled, and the Java Heap may be blocking the growth of the native heap
# Possible solutions:
#   Reduce memory load on the system
#   Increase physical memory or swap space
#   Check if swap backing store is full
#   Decrease Java heap size (-Xmx/-Xms)
#   Decrease number of Java threads
#   Decrease Java thread stack sizes (-Xss)
#   Set larger code cache with -XX:ReservedCodeCacheSize=
#   JVM is running with Zero Based Compressed Oops mode in which the Java heap is
#     placed in the first 32GB address space. The Java Heap base address is the
#     maximum limit for the native heap growth. Please use -XX:HeapBaseMinAddress
#     to set the Java Heap base and to place the Java Heap above 32GB virtual address.
# This output file may be truncated or incomplete.
#
#  Out of Memory Error (virtualSpaceNode.cpp:110), pid=24528, tid=20900
#
# JRE version: OpenJDK Runtime Environment Temurin-17.0.5+8 (17.0.5+8) (build 17.0.5+8)
# Java VM: OpenJDK 64-Bit Server VM Temurin-17.0.5+8 (17.0.5+8, mixed mode, emulated-client, tiered, compressed oops, compressed class ptrs, g1 gc, windows-amd64)
# No core dump will be written. Minidumps are not enabled by default on client versions of Windows
#

---------------  S U M M A R Y ------------

Command Line: -Dcom.sun.management.jmxremote -Dcom.sun.management.jmxremote.port=11734 -Dcom.sun.management.jmxremote.authenticate=false -Dcom.sun.management.jmxremote.ssl=false -Djava.rmi.server.hostname=localhost -Dspring.jmx.enabled=true -Dmanagement.endpoints.jmx.exposure.include=* -Dspring.application.admin.enabled=true -XX:TieredStopAtLevel=1 -Dspring.boot.project.name=FoobaSpring -Dfile.encoding=UTF-8 -XX:+ShowCodeDetailsInExceptionMessages fooba.FoobaSpringApplication --spring.output.ansi.enabled=always

Host: 11th Gen Intel(R) Core(TM) i3-1115G4 @ 3.00GHz, 4 cores, 11G,  Windows 10 , 64 bit Build 19041 (10.0.19041.2364)
Time: Fri Feb 10 17:22:46 2023  Windows 10 , 64 bit Build 19041 (10.0.19041.2364) elapsed time: 7.670087 seconds (0d 0h 0m 7s)

---------------  T H R E A D  ---------------

Current thread (0x000002204aa5ac00):  JavaThread "http-nio-8072-exec-1" daemon [_thread_in_vm, id=20900, stack(0x00000035e2500000,0x00000035e2600000)]

Stack: [0x00000035e2500000,0x00000035e2600000]
Native frames: (J=compiled Java code, j=interpreted, Vv=VM code, C=native code)
V  [jvm.dll+0x676b3a]
V  [jvm.dll+0x831444]
V  [jvm.dll+0x832bee]
V  [jvm.dll+0x833253]
V  [jvm.dll+0x244ce5]
V  [jvm.dll+0x82d4db]
V  [jvm.dll+0x61b2f6]
V  [jvm.dll+0x1bfd2e]
V  [jvm.dll+0x61dc41]
V  [jvm.dll+0x61bc96]
V  [jvm.dll+0x23937f]
V  [jvm.dll+0x625af5]
V  [jvm.dll+0x1e99bb]
V  [jvm.dll+0x1e9ef5]
V  [jvm.dll+0x1ea92f]
V  [jvm.dll+0x1dfdd1]
V  [jvm.dll+0x53be30]
V  [jvm.dll+0x7ac5a8]
V  [jvm.dll+0x7ac694]
V  [jvm.dll+0x40ba25]
V  [jvm.dll+0x411bb8]
C  [java.dll+0x17ec]

Java frames: (J=compiled Java code, j=interpreted, Vv=VM code)
J 1263  java.lang.ClassLoader.defineClass1(Ljava/lang/ClassLoader;Ljava/lang/String;[BIILjava/security/ProtectionDomain;Ljava/lang/String;)Ljava/lang/Class; java.base@17.0.5 (0 bytes) @ 0x000002203c249b63 [0x000002203c249aa0+0x00000000000000c3]
J 1344 c1 java.lang.ClassLoader.defineClass(Ljava/lang/String;[BIILjava/security/ProtectionDomain;)Ljava/lang/Class; java.base@17.0.5 (43 bytes) @ 0x000002203c27116c [0x000002203c271060+0x000000000000010c]
J 1284 c1 jdk.internal.loader.BuiltinClassLoader.defineClass(Ljava/lang/String;Ljdk/internal/loader/Resource;)Ljava/lang/Class; java.base@17.0.5 (121 bytes) @ 0x000002203c2565f4 [0x000002203c256120+0x00000000000004d4]
J 1272 c1 jdk.internal.loader.BuiltinClassLoader.findClassOnClassPathOrNull(Ljava/lang/String;)Ljava/lang/Class; java.base@17.0.5 (64 bytes) @ 0x000002203c24e844 [0x000002203c24e580+0x00000000000002c4]
J 1059 c1 jdk.internal.loader.BuiltinClassLoader.loadClassOrNull(Ljava/lang/String;Z)Ljava/lang/Class; java.base@17.0.5 (143 bytes) @ 0x000002203c1efd84 [0x000002203c1ef900+0x0000000000000484]
J 1183 c1 jdk.internal.loader.ClassLoaders$AppClassLoader.loadClass(Ljava/lang/String;Z)Ljava/lang/Class; java.base@17.0.5 (40 bytes) @ 0x000002203c22942c [0x000002203c2292e0+0x000000000000014c]
J 1177 c1 java.lang.ClassLoader.loadClass(Ljava/lang/String;)Ljava/lang/Class; java.base@17.0.5 (7 bytes) @ 0x000002203c227ee4 [0x000002203c227ea0+0x0000000000000044]
v  ~StubRoutines::call_stub
j  org.apache.coyote.AbstractProcessor.<init>(Lorg/apache/coyote/Adapter;Lorg/apache/coyote/Request;Lorg/apache/coyote/Response;)V+41
j  org.apache.coyote.AbstractProcessor.<init>(Lorg/apache/coyote/Adapter;)V+16
j  org.apache.coyote.http11.Http11Processor.<init>(Lorg/apache/coyote/http11/AbstractHttp11Protocol;Lorg/apache/coyote/Adapter;)V+2
j  org.apache.coyote.http11.AbstractHttp11Protocol.createProcessor()Lorg/apache/coyote/Processor;+9
j  org.apache.coyote.AbstractProtocol$ConnectionHandler.process(Lorg/apache/tomcat/util/net/SocketWrapperBase;Lorg/apache/tomcat/util/net/SocketEvent;)Lorg/apache/tomcat/util/net/AbstractEndpoint$Handler$SocketState;+413
j  org.apache.tomcat.util.net.NioEndpoint$SocketProcessor.doRun()V+249
j  org.apache.tomcat.util.net.SocketProcessorBase.run()V+21
j  org.apache.tomcat.util.threads.ThreadPoolExecutor.runWorker(Lorg/apache/tomcat/util/threads/ThreadPoolExecutor$Worker;)V+92
j  org.apache.tomcat.util.threads.ThreadPoolExecutor$Worker.run()V+5
j  org.apache.tomcat.util.threads.TaskThread$WrappingRunnable.run()V+4
j  java.lang.Thread.run()V+11 java.base@17.0.5
v  ~StubRoutines::call_stub

---------------  P R O C E S S  ---------------

Threads class SMR info:
_java_thread_list=0x000002204b0e9b90, length=39, elements={
0x0000022048295d40, 0x0000022048297fb0, 0x0000022048c8e420, 0x0000022048c5d370,
0x0000022048c603e0, 0x0000022048c650e0, 0x0000022048c41a90, 0x0000022048c6f710,
0x00000220482330b0, 0x0000022048ce95b0, 0x00000220482bdfb0, 0x0000022048e4e040,
0x0000022049319d10, 0x0000022049322ac0, 0x00000220493233e0, 0x00000220494dbb10,
0x00000220494ed420, 0x00000220494fe740, 0x0000022049512940, 0x000002204aa5a260,
0x000002204aa5a730, 0x000002204aa59d90, 0x000002204aa5ac00, 0x000002204aa5b0d0,
0x000002204aa5b5a0, 0x000002204b0831a0, 0x000002204b07fcb0, 0x000002204b07e4a0,
0x000002204b085cf0, 0x000002204b080650, 0x000002204b083b40, 0x000002204b080b20,
0x000002204b080ff0, 0x000002204b085820, 0x000002204b07e970, 0x000002204b07f310,
0x000002204b0814c0, 0x000002204b0844e0, 0x000002204b082800
}

Java Threads: ( => current thread )
  0x0000022048295d40 JavaThread "Reference Handler" daemon [_thread_blocked, id=17640, stack(0x00000035e0a00000,0x00000035e0b00000)]
  0x0000022048297fb0 JavaThread "Finalizer" daemon [_thread_blocked, id=21180, stack(0x00000035e0b00000,0x00000035e0c00000)]
  0x0000022048c8e420 JavaThread "Signal Dispatcher" daemon [_thread_blocked, id=22440, stack(0x00000035e0c00000,0x00000035e0d00000)]
  0x0000022048c5d370 JavaThread "Attach Listener" daemon [_thread_blocked, id=15544, stack(0x00000035e0d00000,0x00000035e0e00000)]
  0x0000022048c603e0 JavaThread "Service Thread" daemon [_thread_blocked, id=23920, stack(0x00000035e0e00000,0x00000035e0f00000)]
  0x0000022048c650e0 JavaThread "Monitor Deflation Thread" daemon [_thread_blocked, id=24480, stack(0x00000035e0f00000,0x00000035e1000000)]
  0x0000022048c41a90 JavaThread "C1 CompilerThread0" daemon [_thread_blocked, id=25740, stack(0x00000035e1000000,0x00000035e1100000)]
  0x0000022048c6f710 JavaThread "Sweeper thread" daemon [_thread_blocked, id=8348, stack(0x00000035e1100000,0x00000035e1200000)]
  0x00000220482330b0 JavaThread "Common-Cleaner" daemon [_thread_blocked, id=26496, stack(0x00000035e1200000,0x00000035e1300000)]
  0x0000022048ce95b0 JavaThread "C1 CompilerThread1" daemon [_thread_blocked, id=18576, stack(0x00000035e1300000,0x00000035e1400000)]
  0x00000220482bdfb0 JavaThread "C1 CompilerThread2" daemon [_thread_blocked, id=25360, stack(0x00000035e1400000,0x00000035e1500000)]
  0x0000022048e4e040 JavaThread "Notification Thread" daemon [_thread_blocked, id=9748, stack(0x00000035e1500000,0x00000035e1600000)]
  0x0000022049319d10 JavaThread "RMI TCP Accept-0" daemon [_thread_in_native, id=18240, stack(0x00000035e1600000,0x00000035e1700000)]
  0x0000022049322ac0 JavaThread "RMI TCP Accept-11734" daemon [_thread_in_native, id=18604, stack(0x00000035e1700000,0x00000035e1800000)]
  0x00000220493233e0 JavaThread "RMI TCP Connection(1)-127.0.0.1" daemon [_thread_in_native, id=21276, stack(0x00000035e1800000,0x00000035e1900000)]
  0x00000220494dbb10 JavaThread "RMI Scheduler(0)" daemon [_thread_blocked, id=1884, stack(0x00000035e1900000,0x00000035e1a00000)]
  0x00000220494ed420 JavaThread "RMI TCP Accept-0" daemon [_thread_in_native, id=23996, stack(0x00000035e1a00000,0x00000035e1b00000)]
  0x00000220494fe740 JavaThread "RMI TCP Connection(2)-127.0.0.1" daemon [_thread_in_native, id=8008, stack(0x00000035e1c00000,0x00000035e1d00000)]
  0x0000022049512940 JavaThread "JMX server connection timeout 21" daemon [_thread_blocked, id=16584, stack(0x00000035e2100000,0x00000035e2200000)]
  0x000002204aa5a260 JavaThread "Catalina-utility-1" [_thread_blocked, id=19828, stack(0x00000035e2200000,0x00000035e2300000)]
  0x000002204aa5a730 JavaThread "Catalina-utility-2" [_thread_blocked, id=22156, stack(0x00000035e2300000,0x00000035e2400000)]
  0x000002204aa59d90 JavaThread "container-0" [_thread_blocked, id=2256, stack(0x00000035e2400000,0x00000035e2500000)]
=>0x000002204aa5ac00 JavaThread "http-nio-8072-exec-1" daemon [_thread_in_vm, id=20900, stack(0x00000035e2500000,0x00000035e2600000)]
  0x000002204aa5b0d0 JavaThread "http-nio-8072-exec-2" daemon [_thread_blocked, id=25716, stack(0x00000035e2600000,0x00000035e2700000)]
  0x000002204aa5b5a0 JavaThread "http-nio-8072-exec-3" daemon [_thread_blocked, id=5264, stack(0x00000035e2700000,0x00000035e2800000)]
  0x000002204b0831a0 JavaThread "http-nio-8072-exec-4" daemon [_thread_blocked, id=17888, stack(0x00000035e2800000,0x00000035e2900000)]
  0x000002204b07fcb0 JavaThread "http-nio-8072-exec-5" daemon [_thread_blocked, id=26592, stack(0x00000035e2900000,0x00000035e2a00000)]
  0x000002204b07e4a0 JavaThread "http-nio-8072-exec-6" daemon [_thread_blocked, id=17964, stack(0x00000035e2a00000,0x00000035e2b00000)]
  0x000002204b085cf0 JavaThread "http-nio-8072-exec-7" daemon [_thread_blocked, id=11548, stack(0x00000035e2b00000,0x00000035e2c00000)]
  0x000002204b080650 JavaThread "http-nio-8072-exec-8" daemon [_thread_blocked, id=2152, stack(0x00000035e2c00000,0x00000035e2d00000)]
  0x000002204b083b40 JavaThread "http-nio-8072-exec-9" daemon [_thread_blocked, id=2740, stack(0x00000035e2d00000,0x00000035e2e00000)]
  0x000002204b080b20 JavaThread "http-nio-8072-exec-10" daemon [_thread_blocked, id=19532, stack(0x00000035e2e00000,0x00000035e2f00000)]
  0x000002204b080ff0 JavaThread "http-nio-8072-Poller" daemon [_thread_in_native, id=8080, stack(0x00000035e2f00000,0x00000035e3000000)]
  0x000002204b085820 JavaThread "http-nio-8072-Acceptor" daemon [_thread_in_native, id=21916, stack(0x00000035e3000000,0x00000035e3100000)]
  0x000002204b07e970 JavaThread "DestroyJavaVM" [_thread_blocked, id=21888, stack(0x00000035e0300000,0x00000035e0400000)]
  0x000002204b07f310 JavaThread "RMI TCP Connection(3)-127.0.0.1" daemon [_thread_in_native, id=10348, stack(0x00000035e3200000,0x00000035e3300000)]
  0x000002204b0814c0 JavaThread "RMI TCP Connection(4)-127.0.0.1" daemon [_thread_in_native, id=15504, stack(0x00000035e3300000,0x00000035e3400000)]
  0x000002204b0844e0 JavaThread "RMI TCP Connection(5)-127.0.0.1" daemon [_thread_in_native, id=13404, stack(0x00000035e3400000,0x00000035e3500000)]
  0x000002204b082800 JavaThread "RMI TCP Connection(6)-127.0.0.1" daemon [_thread_in_native, id=6128, stack(0x00000035e3500000,0x00000035e3600000)]

Other Threads:
  0x000002204828ff50 VMThread "VM Thread" [stack: 0x00000035e0900000,0x00000035e0a00000] [id=12760]
  0x000002203879b690 WatcherThread [stack: 0x00000035e1b00000,0x00000035e1c00000] [id=21416]
  0x00000220387f14d0 GCTaskThread "GC Thread#0" [stack: 0x00000035e0400000,0x00000035e0500000] [id=25920]
  0x00000220494fbdb0 GCTaskThread "GC Thread#1" [stack: 0x00000035e1d00000,0x00000035e1e00000] [id=12448]
  0x00000220494fc060 GCTaskThread "GC Thread#2" [stack: 0x00000035e1e00000,0x00000035e1f00000] [id=20304]
  0x00000220494fc310 GCTaskThread "GC Thread#3" [stack: 0x00000035e1f00000,0x00000035e2000000] [id=25660]
  0x00000220387fe790 ConcurrentGCThread "G1 Main Marker" [stack: 0x00000035e0500000,0x00000035e0600000] [id=7840]
  0x00000220387ff0b0 ConcurrentGCThread "G1 Conc#0" [stack: 0x00000035e0600000,0x00000035e0700000] [id=24452]
  0x000002203885d7c0 ConcurrentGCThread "G1 Refine#0" [stack: 0x00000035e0700000,0x00000035e0800000] [id=26508]
  0x00000220494fd5d0 ConcurrentGCThread "G1 Refine#1" [stack: 0x00000035e2000000,0x00000035e2100000] [id=23612]
  0x0000022048100200 ConcurrentGCThread "G1 Service" [stack: 0x00000035e0800000,0x00000035e0900000] [id=15684]

Threads with active compile tasks:

VM state: not at safepoint (normal execution)

VM Mutex/Monitor currently owned by a thread:  ([mutex/lock_event])
[0x0000022038793210] Metaspace_lock - owner thread: 0x000002204aa5ac00

Heap address: 0x0000000743200000, size: 3022 MB, Compressed Oops mode: Zero based, Oop shift amount: 3

CDS archive(s) not mapped
Compressed class space mapped at: 0x0000000800000000-0x0000000840000000, reserved size: 1073741824
Narrow klass base: 0x0000000800000000, Narrow klass shift: 0, Narrow klass range: 0x40000000

GC Precious Log:
 CPUs: 4 total, 4 available
 Memory: 12087M
 Large Page Support: Disabled
 NUMA Support: Disabled
 Compressed Oops: Enabled (Zero based)
 Heap Region Size: 2M
 Heap Min Capacity: 8M
 Heap Initial Capacity: 190M
 Heap Max Capacity: 3022M
 Pre-touch: Disabled
 Parallel Workers: 4
 Concurrent Workers: 1
 Concurrent Refinement Workers: 4
 Periodic GC: Disabled

Heap:
 garbage-first heap   total 61440K, used 33954K [0x0000000743200000, 0x0000000800000000)
  region size 2048K, 11 young (22528K), 1 survivors (2048K)
 Metaspace       used 45592K, committed 45952K, reserved 1089536K
  class space    used 5803K, committed 6016K, reserved 1048576K

Heap Regions: E=young(eden), S=young(survivor), O=old, HS=humongous(starts), HC=humongous(continues), CS=collection set, F=free, OA=open archive, CA=closed archive, TAMS=top-at-mark-start (previous, next)
|   0|0x0000000743200000, 0x0000000743400000, 0x0000000743400000|100%| O|  |TAMS 0x0000000743400000, 0x0000000743200000| Untracked 
|   1|0x0000000743400000, 0x0000000743600000, 0x0000000743600000|100%| O|  |TAMS 0x0000000743600000, 0x0000000743400000| Untracked 
|   2|0x0000000743600000, 0x0000000743800000, 0x0000000743800000|100%| O|  |TAMS 0x0000000743600000, 0x0000000743600000| Untracked 
|   3|0x0000000743800000, 0x0000000743a00000, 0x0000000743a00000|100%| O|  |TAMS 0x0000000743a00000, 0x0000000743800000| Untracked 
|   4|0x0000000743a00000, 0x0000000743c00000, 0x0000000743c00000|100%| O|  |TAMS 0x0000000743a00000, 0x0000000743a00000| Untracked 
|   5|0x0000000743c00000, 0x0000000743e00000, 0x0000000743e00000|100%| O|  |TAMS 0x0000000743c00000, 0x0000000743c00000| Untracked 
|   6|0x0000000743e00000, 0x0000000743fa7000, 0x0000000744000000| 82%| O|  |TAMS 0x0000000743e00000, 0x0000000743e00000| Untracked 
|   7|0x0000000744000000, 0x0000000744200000, 0x0000000744200000|100%| O|  |TAMS 0x0000000744200000, 0x0000000744000000| Untracked 
|   8|0x0000000744200000, 0x0000000744200000, 0x0000000744400000|  0%| F|  |TAMS 0x0000000744200000, 0x0000000744200000| Untracked 
|   9|0x0000000744400000, 0x0000000744400000, 0x0000000744600000|  0%| F|  |TAMS 0x0000000744400000, 0x0000000744400000| Untracked 
|  10|0x0000000744600000, 0x0000000744600000, 0x0000000744800000|  0%| F|  |TAMS 0x0000000744600000, 0x0000000744600000| Untracked 
|  11|0x0000000744800000, 0x0000000744800000, 0x0000000744a00000|  0%| F|  |TAMS 0x0000000744800000, 0x0000000744800000| Untracked 
|  12|0x0000000744a00000, 0x0000000744a00000, 0x0000000744c00000|  0%| F|  |TAMS 0x0000000744a00000, 0x0000000744a00000| Untracked 
|  13|0x0000000744c00000, 0x0000000744c00000, 0x0000000744e00000|  0%| F|  |TAMS 0x0000000744c00000, 0x0000000744c00000| Untracked 
|  14|0x0000000744e00000, 0x0000000744e00000, 0x0000000745000000|  0%| F|  |TAMS 0x0000000744e00000, 0x0000000744e00000| Untracked 
|  15|0x0000000745000000, 0x0000000745181908, 0x0000000745200000| 75%| S|CS|TAMS 0x0000000745000000, 0x0000000745000000| Complete 
|  16|0x0000000745200000, 0x0000000745200000, 0x0000000745400000|  0%| F|  |TAMS 0x0000000745200000, 0x0000000745200000| Untracked 
|  17|0x0000000745400000, 0x0000000745400000, 0x0000000745600000|  0%| F|  |TAMS 0x0000000745400000, 0x0000000745400000| Untracked 
|  18|0x0000000745600000, 0x0000000745600000, 0x0000000745800000|  0%| F|  |TAMS 0x0000000745600000, 0x0000000745600000| Untracked 
|  19|0x0000000745800000, 0x0000000745800000, 0x0000000745a00000|  0%| F|  |TAMS 0x0000000745800000, 0x0000000745800000| Untracked 
|  20|0x0000000745a00000, 0x0000000745a4a840, 0x0000000745c00000| 14%| E|  |TAMS 0x0000000745a00000, 0x0000000745a00000| Complete 
|  21|0x0000000745c00000, 0x0000000745e00000, 0x0000000745e00000|100%| E|  |TAMS 0x0000000745c00000, 0x0000000745c00000| Complete 
|  22|0x0000000745e00000, 0x0000000746000000, 0x0000000746000000|100%| E|CS|TAMS 0x0000000745e00000, 0x0000000745e00000| Complete 
|  23|0x0000000746000000, 0x0000000746200000, 0x0000000746200000|100%| E|CS|TAMS 0x0000000746000000, 0x0000000746000000| Complete 
|  24|0x0000000746200000, 0x0000000746400000, 0x0000000746400000|100%| E|CS|TAMS 0x0000000746200000, 0x0000000746200000| Complete 
|  25|0x0000000746400000, 0x0000000746600000, 0x0000000746600000|100%| E|CS|TAMS 0x0000000746400000, 0x0000000746400000| Complete 
|  48|0x0000000749200000, 0x0000000749400000, 0x0000000749400000|100%| E|CS|TAMS 0x0000000749200000, 0x0000000749200000| Complete 
|  49|0x0000000749400000, 0x0000000749600000, 0x0000000749600000|100%| E|CS|TAMS 0x0000000749400000, 0x0000000749400000| Complete 
|  50|0x0000000749600000, 0x0000000749800000, 0x0000000749800000|100%| E|CS|TAMS 0x0000000749600000, 0x0000000749600000| Complete 
|  94|0x000000074ee00000, 0x000000074f000000, 0x000000074f000000|100%| E|CS|TAMS 0x000000074ee00000, 0x000000074ee00000| Complete 

Card table byte_map: [0x000002203f440000,0x000002203fa30000] _byte_map_base: 0x000002203ba27000

Marking Bits (Prev, Next): (CMBitMap*) 0x00000220387f19f0, (CMBitMap*) 0x00000220387f1a30
 Prev Bits: [0x0000022040020000, 0x0000022042f58000)
 Next Bits: [0x0000022042f60000, 0x0000022045e98000)

Polling page: 0x0000022037f60000

Metaspace:

Usage:
  Non-class:     38.86 MB used.
      Class:      5.67 MB used.
       Both:     44.52 MB used.

Virtual space:
  Non-class space:       40.00 MB reserved,      39.00 MB ( 98%) committed,  5 nodes.
      Class space:        1.00 GB reserved,       5.88 MB ( <1%) committed,  1 nodes.
             Both:        1.04 GB reserved,      44.88 MB (  4%) committed. 

Chunk freelists:
   Non-Class:  880.00 KB
       Class:  2.17 MB
        Both:  3.03 MB

MaxMetaspaceSize: unlimited
CompressedClassSpaceSize: 1.00 GB
Initial GC threshold: 21.00 MB
Current GC threshold: 59.06 MB
CDS: off
MetaspaceReclaimPolicy: balanced
 - commit_granule_bytes: 65536.
 - commit_granule_words: 8192.
 - virtual_space_node_default_size: 1048576.
 - enlarge_chunks_in_place: 1.
 - new_chunks_are_fully_committed: 0.
 - uncommit_free_chunks: 1.
 - use_allocation_guard: 0.
 - handle_deallocations: 1.


Internal statistics:

num_allocs_failed_limit: 6.
num_arena_births: 456.
num_arena_deaths: 0.
num_vsnodes_births: 6.
num_vsnodes_deaths: 0.
num_space_committed: 718.
num_space_uncommitted: 0.
num_chunks_returned_to_freelist: 6.
num_chunks_taken_from_freelist: 1708.
num_chunk_merges: 3.
num_chunk_splits: 1143.
num_chunks_enlarged: 840.
num_purges: 0.
num_inconsistent_stats: 0.

CodeCache: size=49152Kb used=9645Kb max_used=9645Kb free=39506Kb
 bounds [0x000002203be50000, 0x000002203c7c0000, 0x000002203ee50000]
 total_blobs=4990 nmethods=4443 adapters=472
 compilation: enabled
              stopped_count=0, restarted_count=0
 full_count=0

Compilation events (20 events):
Event: 4.023 Thread 0x0000022048c41a90 4433       1       java.io.ObjectInputStream::readUTF (8 bytes)
Event: 4.023 Thread 0x00000220482bdfb0 4434       1       java.io.ObjectInputStream::readByte (8 bytes)
Event: 4.023 Thread 0x0000022048c41a90 nmethod 4433 0x000002203c7b3f10 code [0x000002203c7b40c0, 0x000002203c7b41d8]
Event: 4.024 Thread 0x00000220482bdfb0 nmethod 4434 0x000002203c7b4290 code [0x000002203c7b4440, 0x000002203c7b45d8]
Event: 4.121 Thread 0x0000022048ce95b0 4435       1       javax.management.ObjectName::construct (1135 bytes)
Event: 4.123 Thread 0x00000220482bdfb0 4436       1       sun.util.logging.internal.LoggingProviderImpl$JULWrapper::isLoggable (12 bytes)
Event: 4.123 Thread 0x00000220482bdfb0 nmethod 4436 0x000002203c7b4710 code [0x000002203c7b48a0, 0x000002203c7b49c8]
Event: 4.125 Thread 0x0000022048c41a90 4438       1       java.io.ObjectInputStream$BlockDataInputStream::getBytesRead (8 bytes)
Event: 4.125 Thread 0x00000220482bdfb0 4437   !   1       java.io.ObjectInputStream::filterCheck (369 bytes)
Event: 4.125 Thread 0x0000022048c41a90 nmethod 4438 0x000002203c7b4b10 code [0x000002203c7b4ca0, 0x000002203c7b4d78]
Event: 4.125 Thread 0x0000022048c41a90 4439       1       jdk.internal.event.DeserializationEvent::<init> (5 bytes)
Event: 4.125 Thread 0x0000022048c41a90 nmethod 4439 0x000002203c7b4e10 code [0x000002203c7b4fa0, 0x000002203c7b5058]
Event: 4.125 Thread 0x0000022048c41a90 4440       1       jdk.internal.event.Event::<init> (5 bytes)
Event: 4.125 Thread 0x0000022048c41a90 nmethod 4440 0x000002203c7b5110 code [0x000002203c7b52a0, 0x000002203c7b5358]
Event: 4.125 Thread 0x0000022048c41a90 4441       1       java.io.ObjectInputStream::checkResolve (86 bytes)
Event: 4.126 Thread 0x0000022048c41a90 nmethod 4441 0x000002203c7b5410 code [0x000002203c7b55c0, 0x000002203c7b5798]
Event: 4.126 Thread 0x00000220482bdfb0 nmethod 4437 0x000002203c7b5910 code [0x000002203c7b5b40, 0x000002203c7b6208]
Event: 4.127 Thread 0x0000022048ce95b0 nmethod 4435 0x000002203c7b6590 code [0x000002203c7b69c0, 0x000002203c7b8c28]
Event: 4.127 Thread 0x0000022048c41a90 4442       1       java.io.ObjectOutputStream::writeByte (9 bytes)
Event: 4.127 Thread 0x0000022048c41a90 nmethod 4442 0x000002203c7b9d90 code [0x000002203c7b9f20, 0x000002203c7ba068]

GC Heap History (20 events):
Event: 1.013 GC heap before
{Heap before GC invocations=2 (full 0):
 garbage-first heap   total 194560K, used 24645K [0x0000000743200000, 0x0000000800000000)
  region size 2048K, 12 young (24576K), 1 survivors (2048K)
 Metaspace       used 21300K, committed 21504K, reserved 1073152K
  class space    used 2503K, committed 2624K, reserved 1048576K
}
Event: 1.016 GC heap after
{Heap after GC invocations=3 (full 0):
 garbage-first heap   total 194560K, used 7685K [0x0000000743200000, 0x0000000800000000)
  region size 2048K, 2 young (4096K), 2 survivors (4096K)
 Metaspace       used 21300K, committed 21504K, reserved 1073152K
  class space    used 2503K, committed 2624K, reserved 1048576K
}
Event: 1.229 GC heap before
{Heap before GC invocations=4 (full 0):
 garbage-first heap   total 40960K, used 28165K [0x0000000743200000, 0x0000000800000000)
  region size 2048K, 13 young (26624K), 2 survivors (4096K)
 Metaspace       used 25374K, committed 25664K, reserved 1073152K
  class space    used 3138K, committed 3264K, reserved 1048576K
}
Event: 1.233 GC heap after
{Heap after GC invocations=5 (full 0):
 garbage-first heap   total 40960K, used 9443K [0x0000000743200000, 0x0000000800000000)
  region size 2048K, 3 young (6144K), 3 survivors (6144K)
 Metaspace       used 25374K, committed 25664K, reserved 1073152K
  class space    used 3138K, committed 3264K, reserved 1048576K
}
Event: 1.242 GC heap before
{Heap before GC invocations=5 (full 0):
 garbage-first heap   total 40960K, used 11491K [0x0000000743200000, 0x0000000800000000)
  region size 2048K, 4 young (8192K), 3 survivors (6144K)
 Metaspace       used 25712K, committed 26048K, reserved 1073152K
  class space    used 3160K, committed 3328K, reserved 1048576K
}
Event: 1.245 GC heap after
{Heap after GC invocations=6 (full 0):
 garbage-first heap   total 40960K, used 9657K [0x0000000743200000, 0x0000000800000000)
  region size 2048K, 1 young (2048K), 1 survivors (2048K)
 Metaspace       used 25712K, committed 26048K, reserved 1073152K
  class space    used 3160K, committed 3328K, reserved 1048576K
}
Event: 1.359 GC heap before
{Heap before GC invocations=6 (full 0):
 garbage-first heap   total 40960K, used 21945K [0x0000000743200000, 0x0000000800000000)
  region size 2048K, 8 young (16384K), 1 survivors (2048K)
 Metaspace       used 28362K, committed 28672K, reserved 1081344K
  class space    used 3469K, committed 3648K, reserved 1048576K
}
Event: 1.360 GC heap after
{Heap after GC invocations=7 (full 0):
 garbage-first heap   total 40960K, used 9887K [0x0000000743200000, 0x0000000800000000)
  region size 2048K, 1 young (2048K), 1 survivors (2048K)
 Metaspace       used 28362K, committed 28672K, reserved 1081344K
  class space    used 3469K, committed 3648K, reserved 1048576K
}
Event: 1.530 GC heap before
{Heap before GC invocations=7 (full 0):
 garbage-first heap   total 40960K, used 24223K [0x0000000743200000, 0x0000000800000000)
  region size 2048K, 9 young (18432K), 1 survivors (2048K)
 Metaspace       used 30476K, committed 30848K, reserved 1081344K
  class space    used 3775K, committed 3968K, reserved 1048576K
}
Event: 1.533 GC heap after
{Heap after GC invocations=8 (full 0):
 garbage-first heap   total 40960K, used 10905K [0x0000000743200000, 0x0000000800000000)
  region size 2048K, 1 young (2048K), 1 survivors (2048K)
 Metaspace       used 30476K, committed 30848K, reserved 1081344K
  class space    used 3775K, committed 3968K, reserved 1048576K
}
Event: 1.779 GC heap before
{Heap before GC invocations=8 (full 0):
 garbage-first heap   total 40960K, used 25241K [0x0000000743200000, 0x0000000800000000)
  region size 2048K, 9 young (18432K), 1 survivors (2048K)
 Metaspace       used 33072K, committed 33344K, reserved 1081344K
  class space    used 4171K, committed 4288K, reserved 1048576K
}
Event: 1.784 GC heap after
{Heap after GC invocations=9 (full 0):
 garbage-first heap   total 118784K, used 12579K [0x0000000743200000, 0x0000000800000000)
  region size 2048K, 2 young (4096K), 2 survivors (4096K)
 Metaspace       used 33072K, committed 33344K, reserved 1081344K
  class space    used 4171K, committed 4288K, reserved 1048576K
}
Event: 1.967 GC heap before
{Heap before GC invocations=9 (full 0):
 garbage-first heap   total 118784K, used 24867K [0x0000000743200000, 0x0000000800000000)
  region size 2048K, 9 young (18432K), 2 survivors (4096K)
 Metaspace       used 35805K, committed 36160K, reserved 1081344K
  class space    used 4522K, committed 4736K, reserved 1048576K
}
Event: 1.975 GC heap after
{Heap after GC invocations=10 (full 0):
 garbage-first heap   total 118784K, used 13892K [0x0000000743200000, 0x0000000800000000)
  region size 2048K, 3 young (6144K), 3 survivors (6144K)
 Metaspace       used 35805K, committed 36160K, reserved 1081344K
  class space    used 4522K, committed 4736K, reserved 1048576K
}
Event: 2.448 GC heap before
{Heap before GC invocations=11 (full 0):
 garbage-first heap   total 61440K, used 44612K [0x0000000743200000, 0x0000000800000000)
  region size 2048K, 18 young (36864K), 3 survivors (6144K)
 Metaspace       used 41398K, committed 41792K, reserved 1089536K
  class space    used 5236K, committed 5440K, reserved 1048576K
}
Event: 2.457 GC heap after
{Heap after GC invocations=12 (full 0):
 garbage-first heap   total 61440K, used 16577K [0x0000000743200000, 0x0000000800000000)
  region size 2048K, 3 young (6144K), 3 survivors (6144K)
 Metaspace       used 41398K, committed 41792K, reserved 1089536K
  class space    used 5236K, committed 5440K, reserved 1048576K
}
Event: 2.466 GC heap before
{Heap before GC invocations=12 (full 0):
 garbage-first heap   total 61440K, used 18625K [0x0000000743200000, 0x0000000800000000)
  region size 2048K, 4 young (8192K), 3 survivors (6144K)
 Metaspace       used 41485K, committed 41856K, reserved 1089536K
  class space    used 5250K, committed 5440K, reserved 1048576K
}
Event: 2.472 GC heap after
{Heap after GC invocations=13 (full 0):
 garbage-first heap   total 61440K, used 17068K [0x0000000743200000, 0x0000000800000000)
  region size 2048K, 1 young (2048K), 1 survivors (2048K)
 Metaspace       used 41485K, committed 41856K, reserved 1089536K
  class space    used 5250K, committed 5440K, reserved 1048576K
}
Event: 2.655 GC heap before
{Heap before GC invocations=13 (full 0):
 garbage-first heap   total 61440K, used 41644K [0x0000000743200000, 0x0000000800000000)
  region size 2048K, 14 young (28672K), 1 survivors (2048K)
 Metaspace       used 43037K, committed 43392K, reserved 1089536K
  class space    used 5465K, committed 5632K, reserved 1048576K
}
Event: 2.657 GC heap after
{Heap after GC invocations=14 (full 0):
 garbage-first heap   total 61440K, used 17570K [0x0000000743200000, 0x0000000800000000)
  region size 2048K, 1 young (2048K), 1 survivors (2048K)
 Metaspace       used 43037K, committed 43392K, reserved 1089536K
  class space    used 5465K, committed 5632K, reserved 1048576K
}

Dll operation events (9 events):
Event: 0.011 Loaded shared library C:\Users\Isaac\.p2\pool\plugins\org.eclipse.justj.openjdk.hotspot.jre.full.win32.x86_64_17.0.5.v20221102-0933\jre\bin\java.dll
Event: 0.192 Loaded shared library C:\Users\Isaac\.p2\pool\plugins\org.eclipse.justj.openjdk.hotspot.jre.full.win32.x86_64_17.0.5.v20221102-0933\jre\bin\jimage.dll
Event: 0.203 Loaded shared library C:\Users\Isaac\.p2\pool\plugins\org.eclipse.justj.openjdk.hotspot.jre.full.win32.x86_64_17.0.5.v20221102-0933\jre\bin\net.dll
Event: 0.206 Loaded shared library C:\Users\Isaac\.p2\pool\plugins\org.eclipse.justj.openjdk.hotspot.jre.full.win32.x86_64_17.0.5.v20221102-0933\jre\bin\nio.dll
Event: 0.211 Loaded shared library C:\Users\Isaac\.p2\pool\plugins\org.eclipse.justj.openjdk.hotspot.jre.full.win32.x86_64_17.0.5.v20221102-0933\jre\bin\zip.dll
Event: 0.259 Loaded shared library C:\Users\Isaac\.p2\pool\plugins\org.eclipse.justj.openjdk.hotspot.jre.full.win32.x86_64_17.0.5.v20221102-0933\jre\bin\management.dll
Event: 0.273 Loaded shared library C:\Users\Isaac\.p2\pool\plugins\org.eclipse.justj.openjdk.hotspot.jre.full.win32.x86_64_17.0.5.v20221102-0933\jre\bin\management_ext.dll
Event: 0.547 Loaded shared library C:\Users\Isaac\.p2\pool\plugins\org.eclipse.justj.openjdk.hotspot.jre.full.win32.x86_64_17.0.5.v20221102-0933\jre\bin\verify.dll
Event: 2.032 Loaded shared library C:\Users\Isaac\.p2\pool\plugins\org.eclipse.justj.openjdk.hotspot.jre.full.win32.x86_64_17.0.5.v20221102-0933\jre\bin\sunmscapi.dll

Deoptimization events (8 events):
Event: 1.052 Thread 0x000002203879a5c0 DEOPT PACKING pc=0x000002203c3677f9 sp=0x00000035e03fd790
Event: 1.052 Thread 0x000002203879a5c0 DEOPT UNPACKING pc=0x000002203bea66e3 sp=0x00000035e03fcc70 mode 3
Event: 2.202 Thread 0x000002203879a5c0 DEOPT PACKING pc=0x000002203c5a6225 sp=0x00000035e03fc960
Event: 2.202 Thread 0x000002203879a5c0 DEOPT UNPACKING pc=0x000002203bea66e3 sp=0x00000035e03fbec8 mode 3
Event: 2.613 Thread 0x000002203879a5c0 DEOPT PACKING pc=0x000002203c353e52 sp=0x00000035e03f8da0
Event: 2.613 Thread 0x000002203879a5c0 DEOPT UNPACKING pc=0x000002203bea66e3 sp=0x00000035e03f82a8 mode 3
Event: 2.614 Thread 0x000002203879a5c0 DEOPT PACKING pc=0x000002203c3589d5 sp=0x00000035e03f8d60
Event: 2.614 Thread 0x000002203879a5c0 DEOPT UNPACKING pc=0x000002203bea66e3 sp=0x00000035e03f82a8 mode 3

Classes unloaded (0 events):
No events

Classes redefined (0 events):
No events

Internal exceptions (20 events):
Event: 2.578 Thread 0x000002203879a5c0 Exception <a 'java/lang/ClassNotFoundException'{0x00000007459c6fa8}: java/lang/ObjectCustomizer> (0x00000007459c6fa8) 
thrown [s\src\hotspot\share\classfile\systemDictionary.cpp, line 256]
Event: 2.578 Thread 0x000002203879a5c0 Exception <a 'java/lang/ClassNotFoundException'{0x00000007459ce328}: org/springframework/web/servlet/config/annotation/WebMvcConfigurationSupportCustomizer> (0x00000007459ce328) 
thrown [s\src\hotspot\share\classfile\systemDictionary.cpp, line 256]
Event: 2.579 Thread 0x000002203879a5c0 Exception <a 'java/lang/ClassNotFoundException'{0x00000007459e1aa0}: org/springframework/web/servlet/config/annotation/DelegatingWebMvcConfigurationCustomizer> (0x00000007459e1aa0) 
thrown [s\src\hotspot\share\classfile\systemDictionary.cpp, line 256]
Event: 2.579 Thread 0x000002203879a5c0 Exception <a 'java/lang/ClassNotFoundException'{0x00000007459ea380}: org/springframework/boot/autoconfigure/web/servlet/WebMvcAutoConfiguration$EnableWebMvcConfigurationCustomizer> (0x00000007459ea380) 
thrown [s\src\hotspot\share\classfile\systemDictionary.cpp, line 256]
Event: 2.580 Thread 0x000002203879a5c0 Exception <a 'java/lang/ClassNotFoundException'{0x00000007459fbbe8}: org/springframework/context/ResourceLoaderAwareCustomizer> (0x00000007459fbbe8) 
thrown [s\src\hotspot\share\classfile\systemDictionary.cpp, line 256]
Event: 2.580 Thread 0x000002203879a5c0 Exception <a 'java/lang/ClassNotFoundException'{0x0000000745600290}: org/springframework/beans/factory/AwareCustomizer> (0x0000000745600290) 
thrown [s\src\hotspot\share\classfile\systemDictionary.cpp, line 256]
Event: 2.580 Thread 0x000002203879a5c0 Exception <a 'java/lang/ClassNotFoundException'{0x0000000745603d70}: org/springframework/context/ApplicationContextAwareCustomizer> (0x0000000745603d70) 
thrown [s\src\hotspot\share\classfile\systemDictionary.cpp, line 256]
Event: 2.581 Thread 0x000002203879a5c0 Exception <a 'java/lang/ClassNotFoundException'{0x0000000745608ac0}: org/springframework/beans/factory/AwareCustomizer> (0x0000000745608ac0) 
thrown [s\src\hotspot\share\classfile\systemDictionary.cpp, line 256]
Event: 2.581 Thread 0x000002203879a5c0 Exception <a 'java/lang/ClassNotFoundException'{0x000000074560c4b0}: org/springframework/web/context/ServletContextAwareCustomizer> (0x000000074560c4b0) 
thrown [s\src\hotspot\share\classfile\systemDictionary.cpp, line 256]
Event: 2.581 Thread 0x000002203879a5c0 Exception <a 'java/lang/ClassNotFoundException'{0x0000000745610f70}: org/springframework/beans/factory/AwareCustomizer> (0x0000000745610f70) 
thrown [s\src\hotspot\share\classfile\systemDictionary.cpp, line 256]
Event: 2.650 Thread 0x000002203879a5c0 Exception <a 'java/lang/NoSuchMethodError'{0x0000000745393e88}: 'void java.lang.invoke.DirectMethodHandle$Holder.invokeVirtual(java.lang.Object, java.lang.Object, int)'> (0x0000000745393e88) 
thrown [s\src\hotspot\share\interpreter\linkResolver.cpp, line 759]
Event: 2.651 Thread 0x000002203879a5c0 Exception <a 'java/lang/NoSuchMethodError'{0x00000007453ae9e0}: 'void java.lang.invoke.DirectMethodHandle$Holder.invokeVirtual(java.lang.Object, java.lang.Object, long)'> (0x00000007453ae9e0) 
thrown [s\src\hotspot\share\interpreter\linkResolver.cpp, line 759]
Event: 2.657 Thread 0x00000220494fe740 Exception <a 'java/lang/reflect/InvocationTargetException'{0x000000074ee81120}> (0x000000074ee81120) 
thrown [s\src\hotspot\share\runtime\reflection.cpp, line 1121]
Event: 2.748 Thread 0x000002203879a5c0 Exception <a 'java/lang/IncompatibleClassChangeError'{0x0000000749548e00}: Found class java.lang.Object, but interface was expected> (0x0000000749548e00) 
thrown [s\src\hotspot\share\interpreter\linkResolver.cpp, line 826]
Event: 2.768 Thread 0x000002203879a5c0 Exception <a 'java/lang/NoSuchMethodError'{0x00000007492ad8a0}: 'int java.lang.invoke.DirectMethodHandle$Holder.invokeStaticInit(java.lang.Object, java.lang.Object, java.lang.Object, java.lang.Object)'> (0x00000007492ad8a0) 
thrown [s\src\hotspot\share\interpreter\linkResolver.cpp, line 759]
Event: 2.832 Thread 0x000002203879a5c0 Exception <a 'java/lang/NoSuchMethodError'{0x000000074600c1e0}: 'java.lang.Object java.lang.invoke.DirectMethodHandle$Holder.newInvokeSpecial(java.lang.Object, java.lang.Object, int, java.lang.Object, java.lang.Object)'> (0x000000074600c1e0) 
thrown [s\src\hotspot\share\interpreter\linkResolver.cpp, line 759]
Event: 2.833 Thread 0x000002203879a5c0 Exception <a 'java/lang/NoSuchMethodError'{0x0000000746017a30}: 'java.lang.Object java.lang.invoke.DirectMethodHandle$Holder.invokeSpecial(java.lang.Object, java.lang.Object, int, java.lang.Object, int, java.lang.Object)'> (0x0000000746017a30) 
thrown [s\src\hotspot\share\interpreter\linkResolver.cpp, line 759]
Event: 2.833 Thread 0x000002203879a5c0 Exception <a 'java/lang/NoSuchMethodError'{0x000000074601f830}: 'java.lang.Object java.lang.invoke.DirectMethodHandle$Holder.newInvokeSpecial(java.lang.Object, java.lang.Object, int, java.lang.Object, int)'> (0x000000074601f830) 
thrown [s\src\hotspot\share\interpreter\linkResolver.cpp, line 759]
Event: 2.833 Thread 0x000002203879a5c0 Exception <a 'java/lang/NoSuchMethodError'{0x0000000746023930}: 'java.lang.Object java.lang.invoke.DirectMethodHandle$Holder.invokeSpecial(java.lang.Object, java.lang.Object, java.lang.Object, int, java.lang.Object, int)'> (0x0000000746023930) 
thrown [s\src\hotspot\share\interpreter\linkResolver.cpp, line 759]
Event: 2.834 Thread 0x000002203879a5c0 Exception <a 'java/lang/NoSuchMethodError'{0x000000074602d8f0}: 'void java.lang.invoke.DirectMethodHandle$Holder.invokeVirtual(java.lang.Object, java.lang.Object)'> (0x000000074602d8f0) 
thrown [s\src\hotspot\share\interpreter\linkResolver.cpp, line 759]

VM Operations (20 events):
Event: 2.466 Executing VM operation: G1CollectForAllocation
Event: 2.472 Executing VM operation: G1CollectForAllocation done
Event: 2.588 Executing VM operation: HandshakeAllThreads
Event: 2.588 Executing VM operation: HandshakeAllThreads done
Event: 2.608 Executing VM operation: HandshakeAllThreads
Event: 2.608 Executing VM operation: HandshakeAllThreads done
Event: 2.654 Executing VM operation: G1CollectForAllocation
Event: 2.657 Executing VM operation: G1CollectForAllocation done
Event: 2.669 Executing VM operation: HandshakeAllThreads
Event: 2.669 Executing VM operation: HandshakeAllThreads done
Event: 2.671 Executing VM operation: HandshakeAllThreads
Event: 2.671 Executing VM operation: HandshakeAllThreads done
Event: 2.731 Executing VM operation: HandshakeAllThreads
Event: 2.731 Executing VM operation: HandshakeAllThreads done
Event: 2.753 Executing VM operation: HandshakeAllThreads
Event: 2.753 Executing VM operation: HandshakeAllThreads done
Event: 3.753 Executing VM operation: Cleanup
Event: 3.753 Executing VM operation: Cleanup done
Event: 4.768 Executing VM operation: Cleanup
Event: 4.768 Executing VM operation: Cleanup done

Events (20 events):
Event: 7.603 loading class java/util/concurrent/BlockingDeque done
Event: 7.603 loading class java/util/concurrent/LinkedBlockingDeque done
Event: 7.603 loading class java/util/concurrent/Semaphore
Event: 7.603 loading class java/util/concurrent/Semaphore done
Event: 7.603 loading class java/util/concurrent/Semaphore$NonfairSync
Event: 7.603 loading class java/util/concurrent/Semaphore$Sync
Event: 7.603 loading class java/util/concurrent/Semaphore$Sync done
Event: 7.603 loading class java/util/concurrent/Semaphore$NonfairSync done
Event: 7.603 loading class sun/nio/ch/SocketAdaptor
Event: 7.604 loading class sun/nio/ch/SocketAdaptor done
Event: 7.604 loading class sun/nio/ch/SocketChannelImpl$DefaultOptionsHolder
Event: 7.604 loading class sun/nio/ch/SocketChannelImpl$DefaultOptionsHolder done
Event: 7.605 loading class sun/nio/ch/SelectionKeyImpl
Event: 7.605 loading class java/nio/channels/spi/AbstractSelectionKey
Event: 7.605 loading class java/nio/channels/SelectionKey
Event: 7.605 loading class java/nio/channels/SelectionKey done
Event: 7.605 loading class java/nio/channels/spi/AbstractSelectionKey done
Event: 7.605 loading class sun/nio/ch/SelectionKeyImpl done
Event: 7.605 loading class java/lang/invoke/ConstantBootstraps
Event: 7.606 loading class java/lang/invoke/ConstantBootstraps done


Dynamic libraries:
0x00007ff6675c0000 - 0x00007ff6675ce000 	C:\Users\Isaac\.p2\pool\plugins\org.eclipse.justj.openjdk.hotspot.jre.full.win32.x86_64_17.0.5.v20221102-0933\jre\bin\javaw.exe
0x00007ffaadf70000 - 0x00007ffaae168000 	C:\WINDOWS\SYSTEM32\ntdll.dll
0x00007ffaad670000 - 0x00007ffaad72f000 	C:\WINDOWS\System32\KERNEL32.DLL
0x00007ffaabb10000 - 0x00007ffaabde2000 	C:\WINDOWS\System32\KERNELBASE.dll
0x00007ffaab6f0000 - 0x00007ffaab7f0000 	C:\WINDOWS\System32\ucrtbase.dll
0x00007ffaa2310000 - 0x00007ffaa2329000 	C:\Users\Isaac\.p2\pool\plugins\org.eclipse.justj.openjdk.hotspot.jre.full.win32.x86_64_17.0.5.v20221102-0933\jre\bin\VCRUNTIME140.dll
0x00007ffaa1790000 - 0x00007ffaa17a7000 	C:\Users\Isaac\.p2\pool\plugins\org.eclipse.justj.openjdk.hotspot.jre.full.win32.x86_64_17.0.5.v20221102-0933\jre\bin\jli.dll
0x00007ffaad8f0000 - 0x00007ffaada91000 	C:\WINDOWS\System32\USER32.dll
0x00007ffaab890000 - 0x00007ffaab8b2000 	C:\WINDOWS\System32\win32u.dll
0x00007ffaadb60000 - 0x00007ffaadb8b000 	C:\WINDOWS\System32\GDI32.dll
0x00007ffaab8c0000 - 0x00007ffaab9cf000 	C:\WINDOWS\System32\gdi32full.dll
0x00007ffaab7f0000 - 0x00007ffaab88d000 	C:\WINDOWS\System32\msvcp_win.dll
0x00007ffa9eaa0000 - 0x00007ffa9ed3a000 	C:\WINDOWS\WinSxS\amd64_microsoft.windows.common-controls_6595b64144ccf1df_6.0.19041.1110_none_60b5254171f9507e\COMCTL32.dll
0x00007ffaac060000 - 0x00007ffaac0fe000 	C:\WINDOWS\System32\msvcrt.dll
0x00007ffaad7f0000 - 0x00007ffaad822000 	C:\WINDOWS\System32\IMM32.DLL
0x00007ffaa1b30000 - 0x00007ffaa1b3c000 	C:\Users\Isaac\.p2\pool\plugins\org.eclipse.justj.openjdk.hotspot.jre.full.win32.x86_64_17.0.5.v20221102-0933\jre\bin\vcruntime140_1.dll
0x00007ffa81180000 - 0x00007ffa81211000 	C:\Users\Isaac\.p2\pool\plugins\org.eclipse.justj.openjdk.hotspot.jre.full.win32.x86_64_17.0.5.v20221102-0933\jre\bin\msvcp140.dll
0x00007ffa36cd0000 - 0x00007ffa37914000 	C:\Users\Isaac\.p2\pool\plugins\org.eclipse.justj.openjdk.hotspot.jre.full.win32.x86_64_17.0.5.v20221102-0933\jre\bin\server\jvm.dll
0x00007ffaad740000 - 0x00007ffaad7ee000 	C:\WINDOWS\System32\ADVAPI32.dll
0x00007ffaac340000 - 0x00007ffaac3dc000 	C:\WINDOWS\System32\sechost.dll
0x00007ffaacb30000 - 0x00007ffaacc55000 	C:\WINDOWS\System32\RPCRT4.dll
0x00007ffa93c30000 - 0x00007ffa93c39000 	C:\WINDOWS\SYSTEM32\WSOCK32.dll
0x00007ffaaccf0000 - 0x00007ffaacd5b000 	C:\WINDOWS\System32\WS2_32.dll
0x00007ffa94350000 - 0x00007ffa94377000 	C:\WINDOWS\SYSTEM32\WINMM.dll
0x00007ffaa4140000 - 0x00007ffaa414a000 	C:\WINDOWS\SYSTEM32\VERSION.dll
0x00007ffaa9590000 - 0x00007ffaa95a2000 	C:\WINDOWS\SYSTEM32\kernel.appcore.dll
0x00007ffaa1e00000 - 0x00007ffaa1e0a000 	C:\Users\Isaac\.p2\pool\plugins\org.eclipse.justj.openjdk.hotspot.jre.full.win32.x86_64_17.0.5.v20221102-0933\jre\bin\jimage.dll
0x00007ffaa2110000 - 0x00007ffaa22f4000 	C:\WINDOWS\SYSTEM32\DBGHELP.DLL
0x00007ffa99790000 - 0x00007ffa997c5000 	C:\WINDOWS\SYSTEM32\dbgcore.DLL
0x00007ffaab9d0000 - 0x00007ffaaba52000 	C:\WINDOWS\System32\bcryptPrimitives.dll
0x00007ffaa1760000 - 0x00007ffaa1785000 	C:\Users\Isaac\.p2\pool\plugins\org.eclipse.justj.openjdk.hotspot.jre.full.win32.x86_64_17.0.5.v20221102-0933\jre\bin\java.dll
0x00007ffa94b30000 - 0x00007ffa94b48000 	C:\Users\Isaac\.p2\pool\plugins\org.eclipse.justj.openjdk.hotspot.jre.full.win32.x86_64_17.0.5.v20221102-0933\jre\bin\zip.dll
0x00007ffaac3e0000 - 0x00007ffaacb24000 	C:\WINDOWS\System32\SHELL32.dll
0x00007ffaa97b0000 - 0x00007ffaa9f42000 	C:\WINDOWS\SYSTEM32\windows.storage.dll
0x00007ffaacd60000 - 0x00007ffaad0b5000 	C:\WINDOWS\System32\combase.dll
0x00007ffaab150000 - 0x00007ffaab180000 	C:\WINDOWS\SYSTEM32\Wldp.dll
0x00007ffaac290000 - 0x00007ffaac33d000 	C:\WINDOWS\System32\SHCORE.dll
0x00007ffaadb00000 - 0x00007ffaadb55000 	C:\WINDOWS\System32\shlwapi.dll
0x00007ffaab630000 - 0x00007ffaab64f000 	C:\WINDOWS\SYSTEM32\profapi.dll
0x00007ffa92fa0000 - 0x00007ffa92fb9000 	C:\Users\Isaac\.p2\pool\plugins\org.eclipse.justj.openjdk.hotspot.jre.full.win32.x86_64_17.0.5.v20221102-0933\jre\bin\net.dll
0x00007ffaa5b50000 - 0x00007ffaa5c5c000 	C:\WINDOWS\SYSTEM32\WINHTTP.dll
0x00007ffaaaeb0000 - 0x00007ffaaaf1a000 	C:\WINDOWS\system32\mswsock.dll
0x00007ffa83f20000 - 0x00007ffa83f35000 	C:\Users\Isaac\.p2\pool\plugins\org.eclipse.justj.openjdk.hotspot.jre.full.win32.x86_64_17.0.5.v20221102-0933\jre\bin\nio.dll
0x00007ffaa1b20000 - 0x00007ffaa1b29000 	C:\Users\Isaac\.p2\pool\plugins\org.eclipse.justj.openjdk.hotspot.jre.full.win32.x86_64_17.0.5.v20221102-0933\jre\bin\management.dll
0x00007ffa95320000 - 0x00007ffa9532b000 	C:\Users\Isaac\.p2\pool\plugins\org.eclipse.justj.openjdk.hotspot.jre.full.win32.x86_64_17.0.5.v20221102-0933\jre\bin\management_ext.dll
0x00007ffaad730000 - 0x00007ffaad738000 	C:\WINDOWS\System32\PSAPI.DLL
0x00007ffa87e50000 - 0x00007ffa87e67000 	C:\WINDOWS\system32\napinsp.dll
0x00007ffa87e30000 - 0x00007ffa87e4b000 	C:\WINDOWS\system32\pnrpnsp.dll
0x00007ffaa6500000 - 0x00007ffaa6515000 	C:\WINDOWS\system32\wshbth.dll
0x00007ffaa7040000 - 0x00007ffaa705d000 	C:\WINDOWS\system32\NLAapi.dll
0x00007ffaaab50000 - 0x00007ffaaab8b000 	C:\WINDOWS\SYSTEM32\IPHLPAPI.DLL
0x00007ffaaaba0000 - 0x00007ffaaac6a000 	C:\WINDOWS\SYSTEM32\DNSAPI.dll
0x00007ffaacce0000 - 0x00007ffaacce8000 	C:\WINDOWS\System32\NSI.dll
0x00007ffa87e10000 - 0x00007ffa87e22000 	C:\WINDOWS\System32\winrnr.dll
0x0000000071d20000 - 0x0000000071d46000 	C:\Program Files\Bonjour\mdnsNSP.dll
0x00007ffaa3020000 - 0x00007ffaa302a000 	C:\Windows\System32\rasadhlp.dll
0x00007ffa9ff70000 - 0x00007ffa9fff0000 	C:\WINDOWS\System32\fwpuclnt.dll
0x00007ffaabdf0000 - 0x00007ffaabe17000 	C:\WINDOWS\System32\bcrypt.dll
0x00007ffaab0a0000 - 0x00007ffaab0b8000 	C:\WINDOWS\SYSTEM32\CRYPTSP.dll
0x00007ffaaa760000 - 0x00007ffaaa794000 	C:\WINDOWS\system32\rsaenh.dll
0x00007ffaab5f0000 - 0x00007ffaab61e000 	C:\WINDOWS\SYSTEM32\USERENV.dll
0x00007ffaab0c0000 - 0x00007ffaab0cc000 	C:\WINDOWS\SYSTEM32\CRYPTBASE.dll
0x00007ffaa0680000 - 0x00007ffaa0697000 	C:\WINDOWS\SYSTEM32\dhcpcsvc6.DLL
0x00007ffaa1080000 - 0x00007ffaa109d000 	C:\WINDOWS\SYSTEM32\dhcpcsvc.DLL
0x00007ffa983e0000 - 0x00007ffa983f0000 	C:\Users\Isaac\.p2\pool\plugins\org.eclipse.justj.openjdk.hotspot.jre.full.win32.x86_64_17.0.5.v20221102-0933\jre\bin\verify.dll
0x00007ffa8bd70000 - 0x00007ffa8bd7e000 	C:\Users\Isaac\.p2\pool\plugins\org.eclipse.justj.openjdk.hotspot.jre.full.win32.x86_64_17.0.5.v20221102-0933\jre\bin\sunmscapi.dll
0x00007ffaabe20000 - 0x00007ffaabf76000 	C:\WINDOWS\System32\CRYPT32.dll
0x00007ffaab1c0000 - 0x00007ffaab1e7000 	C:\WINDOWS\SYSTEM32\ncrypt.dll
0x00007ffaab180000 - 0x00007ffaab1bb000 	C:\WINDOWS\SYSTEM32\NTASN1.dll
0x00007ffa78380000 - 0x00007ffa78387000 	C:\WINDOWS\system32\wshunix.dll

dbghelp: loaded successfully - version: 4.0.5 - missing functions: none
symbol engine: initialized successfully - sym options: 0x614 - pdb path: .;C:\Users\Isaac\.p2\pool\plugins\org.eclipse.justj.openjdk.hotspot.jre.full.win32.x86_64_17.0.5.v20221102-0933\jre\bin;C:\WINDOWS\SYSTEM32;C:\WINDOWS\WinSxS\amd64_microsoft.windows.common-controls_6595b64144ccf1df_6.0.19041.1110_none_60b5254171f9507e;C:\Users\Isaac\.p2\pool\plugins\org.eclipse.justj.openjdk.hotspot.jre.full.win32.x86_64_17.0.5.v20221102-0933\jre\bin\server;C:\Program Files\Bonjour

VM Arguments:
jvm_args: -Dcom.sun.management.jmxremote -Dcom.sun.management.jmxremote.port=11734 -Dcom.sun.management.jmxremote.authenticate=false -Dcom.sun.management.jmxremote.ssl=false -Djava.rmi.server.hostname=localhost -Dspring.jmx.enabled=true -Dmanagement.endpoints.jmx.exposure.include=* -Dspring.application.admin.enabled=true -XX:TieredStopAtLevel=1 -Dspring.boot.project.name=FoobaSpring -Dfile.encoding=UTF-8 -XX:+ShowCodeDetailsInExceptionMessages 
java_command: fooba.FoobaSpringApplication --spring.output.ansi.enabled=always
java_class_path (initial): C:\Users\Isaac\git\FoobaSpring\FoobaSpring\bin\main;C:\Users\Isaac\.gradle\caches\modules-2\files-2.1\org.projectlombok\lombok\1.18.24\13a394eed5c4f9efb2a6d956e2086f1d81e857d9\lombok-1.18.24.jar;C:\Users\Isaac\.gradle\caches\modules-2\files-2.1\org.mybatis.spring.boot\mybatis-spring-boot-starter\2.3.0\f4d9f73a2fb0adc56664c6febd66f98433fca7f5\mybatis-spring-boot-starter-2.3.0.jar;C:\Users\Isaac\.gradle\caches\modules-2\files-2.1\org.springframework.boot\spring-boot-starter-jdbc\2.7.8\5821d4af88c26bc5e23b7131ff8e68c67275d8b6\spring-boot-starter-jdbc-2.7.8.jar;C:\Users\Isaac\.gradle\caches\modules-2\files-2.1\org.springframework.boot\spring-boot-starter-validation\2.7.8\186ab03afb751b1379cbf02a95008d006f95d50d\spring-boot-starter-validation-2.7.8.jar;C:\Users\Isaac\.gradle\caches\modules-2\files-2.1\org.springframework.boot\spring-boot-starter-web\2.7.8\7596f0263544e8230a5bf5357a02fb391f036f77\spring-boot-starter-web-2.7.8.jar;C:\Users\Isaac\.gradle\caches\modules-2\files-2.1\javax.servlet\jstl\1.2\74aca283cd4f4b4f3e425f5820cda58f44409547\jstl-1.2.jar;C:\Users\Isaac\.gradle\caches\modules-2\files-2.1\org.apache.tomcat.embed\tomcat-embed-jasper\9.0.71\7ea76096eda4d1847fd50d985b1d26fa36a9822a\tomcat-embed-jasper-9.0.71.jar;C:\Users\Isaac\.gradle\caches\modules-2\files-2.1\org.springframework.boot\spring-boot-starter-json\2.7.8\fb09a04154ce2aea974755bc011a588eee2332aa\spring-boot-starter-json-2.7.8.jar;C:\Users\Isaac\.gradle\caches\modules-2\files-2.1\org.springframework.boot\spring-boot-starter\2.7.8\df091ed288bd1dcf89fa0554a29fe96f27802efc\spring-boot-starter-2.7.8.jar;C:\Users\Isaac\.gradle\caches\modules-2\files-2.1\com.zaxxer\HikariCP\4.0.3\107cbdf0db6780a065f895ae9d8fbf3bb0e1c21f\HikariCP-4.0.3.jar;C:\Users\Isaac\.gradle\caches\modules-2\files-2.1\org.springframework\spring-jdbc\5.3.25\809f5841b13d42e5d4d14eb13346958cc9e9e187\spring-jdbc-5.3.25.jar;C:\Users\Isaac\.gradle\caches\modules-2\files-2.1\org.springframework.boot\spring-boot-sta
Launcher Type: SUN_STANDARD

[Global flags]
     intx CICompilerCount                          = 3                                         {product} {ergonomic}
     uint ConcGCThreads                            = 1                                         {product} {ergonomic}
     uint G1ConcRefinementThreads                  = 4                                         {product} {ergonomic}
   size_t G1HeapRegionSize                         = 2097152                                   {product} {ergonomic}
    uintx GCDrainStackTargetSize                   = 64                                        {product} {ergonomic}
   size_t InitialHeapSize                          = 199229440                                 {product} {ergonomic}
     bool ManagementServer                         = true                                      {product} {command line}
   size_t MarkStackSize                            = 4194304                                   {product} {ergonomic}
   size_t MaxHeapSize                              = 3168796672                                {product} {ergonomic}
   size_t MaxNewSize                               = 1900019712                                {product} {ergonomic}
   size_t MinHeapDeltaBytes                        = 2097152                                   {product} {ergonomic}
   size_t MinHeapSize                              = 8388608                                   {product} {ergonomic}
    uintx NonProfiledCodeHeapSize                  = 0                                      {pd product} {ergonomic}
     bool ProfileInterpreter                       = false                                  {pd product} {command line}
    uintx ProfiledCodeHeapSize                     = 0                                      {pd product} {ergonomic}
     bool ShowCodeDetailsInExceptionMessages       = true                                   {manageable} {command line}
   size_t SoftMaxHeapSize                          = 3168796672                             {manageable} {ergonomic}
     intx TieredStopAtLevel                        = 1                                         {product} {command line}
     bool UseCompressedClassPointers               = true                           {product lp64_product} {ergonomic}
     bool UseCompressedOops                        = true                           {product lp64_product} {ergonomic}
     bool UseG1GC                                  = true                                      {product} {ergonomic}
     bool UseLargePagesIndividualAllocation        = false                                  {pd product} {ergonomic}

Logging:
Log output configuration:
 #0: stdout all=warning uptime,level,tags
 #1: stderr all=off uptime,level,tags

Environment Variables:
JAVA_HOME=C:\Program Files\Java\jdk1.8.0_341
PATH=C:/Users/Isaac/.p2/pool/plugins/org.eclipse.justj.openjdk.hotspot.jre.full.win32.x86_64_17.0.5.v20221102-0933/jre/bin/server;C:/Users/Isaac/.p2/pool/plugins/org.eclipse.justj.openjdk.hotspot.jre.full.win32.x86_64_17.0.5.v20221102-0933/jre/bin;C:\oraclexe\app\oracle\product\11.2.0\server\bin;;C:\oraclexe\app\oracle\product\11.2.0\server\bin;C:\WINDOWS\system32;C:\WINDOWS;C:\WINDOWS\System32\Wbem;C:\WINDOWS\System32\WindowsPowerShell\v1.0\;C:\WINDOWS\System32\OpenSSH\;C:\Program Files\Java\jdk1.8.0_341\bin;C:\Program Files\Java\jdk1.8.0_341\bin;C:\Program Files\Git\cmd;C:\Program Files\Java\jdk1.8.0_341\bin;C:\Program Files\dotnet\;C:\Program Files\MySQL\MySQL Shell 8.0\bin\;C:\Users\Isaac\AppData\Local\Microsoft\WindowsApps;C:\Program Files\Java\jdk1.8.0_341\bin;C:\Users\Isaac\AppData\Local\Programs\Microsoft VS Code\bin;C:\Program Files\MySQL\MySQL Server 8.0\bin;;C:\Program Files (x86)\ESTsoft\ALSee\x64;C:\WINDOWS\System32;
USERNAME=Isaac
OS=Windows_NT
PROCESSOR_IDENTIFIER=Intel64 Family 6 Model 140 Stepping 1, GenuineIntel
TMP=C:\Users\Isaac\AppData\Local\Temp
TEMP=C:\Users\Isaac\AppData\Local\Temp



---------------  S Y S T E M  ---------------

OS:
 Windows 10 , 64 bit Build 19041 (10.0.19041.2364)
OS uptime: 11 days 6:46 hours

CPU: total 4 (initial active 4) (2 cores per cpu, 2 threads per core) family 6 model 140 stepping 1 microcode 0x86, cx8, cmov, fxsr, ht, mmx, 3dnowpref, sse, sse2, sse3, ssse3, sse4.1, sse4.2, popcnt, lzcnt, tsc, tscinvbit, avx, avx2, aes, erms, clmul, bmi1, bmi2, adx, avx512f, avx512dq, avx512cd, avx512bw, avx512vl, sha, fma, vzeroupper, avx512_vpopcntdq, avx512_vpclmulqdq, avx512_vaes, avx512_vnni, clflush, clflushopt, clwb, avx512_vbmi2, avx512_vbmi

Memory: 4k page, system-wide physical 12087M (4111M free)
TotalPageFile size 22212M (AvailPageFile size 13M)
current process WorkingSet (physical memory assigned to process): 168M, peak: 169M
current process commit charge ("private bytes"): 191M, peak: 286M

vm_info: OpenJDK 64-Bit Server VM (17.0.5+8) for windows-amd64 JRE (17.0.5+8), built on Oct 19 2022 04:48:13 by "temurin" with MS VC++ 16.7 (VS2019)

END.
